<?xml version="1.0" encoding="UTF-8"?>
<testsuite xmlns:xsi="http://www.w3.org/2001/XMLSchema-instance" xsi:noNamespaceSchemaLocation="https://maven.apache.org/surefire/maven-surefire-plugin/xsd/surefire-test-report.xsd" name="tree.NodeTest" time="0.205" tests="5" errors="0" skipped="0" failures="0">
  <properties>
[...]
</properties>
  <testcase name="test_if_equals" classname="tree.NodeTest" time="0.057"/>
  <testcase name="should_return_correct_string" classname="tree.NodeTest" time="0.001"/>
  <testcase name="when_insert_new_node_should_found_same_key_in_the_structure" classname="tree.NodeTest" time="0"/>
  <testcase name="when_insert_key_that_already_exists_should_throw_exception" classname="tree.NodeTest" time="0.132"/>
  <testcase name="test_not_equals" classname="tree.NodeTest" time="0.002"/>
</testsuite>